#
# There is insufficient memory for the Java Runtime Environment to continue.
# Native memory allocation (malloc) failed to allocate 1048576 bytes for AllocateHeap
# Possible reasons:
#   The system is out of physical RAM or swap space
#   In 32 bit mode, the process size limit was hit
# Possible solutions:
#   Reduce memory load on the system
#   Increase physical memory or swap space
#   Check if swap backing store is full
#   Use 64 bit Java on a 64 bit OS
#   Decrease Java heap size (-Xmx/-Xms)
#   Decrease number of Java threads
#   Decrease Java thread stack sizes (-Xss)
#   Set larger code cache with -XX:ReservedCodeCacheSize=
# This output file may be truncated or incomplete.
#
#  Out of Memory Error (memory/allocation.inline.hpp:61), pid=199668, tid=0x0000000000027be0
#
# JRE version:  (8.0_162-b12) (build )
# Java VM: Java HotSpot(TM) 64-Bit Server VM (25.162-b12 mixed mode windows-amd64 compressed oops)
# Failed to write core dump. Minidumps are not enabled by default on client versions of Windows
#

---------------  T H R E A D  ---------------

Current thread (0x000000000107e800):  JavaThread "Unknown thread" [_thread_in_vm, id=162784, stack(0x0000000002bf0000,0x0000000002cf0000)]

Stack: [0x0000000002bf0000,0x0000000002cf0000]
[error occurred during error reporting (printing stack bounds), id 0xc0000005]

Native frames: (J=compiled Java code, j=interpreted, Vv=VM code, C=native code)


---------------  P R O C E S S  ---------------

Java Threads: ( => current thread )

Other Threads:

=>0x000000000107e800 (exited) JavaThread "Unknown thread" [_thread_in_vm, id=162784, stack(0x0000000002bf0000,0x0000000002cf0000)]

VM state:not at safepoint (normal execution)

VM Mutex/Monitor currently owned by a thread: None

Heap:
 PSYoungGen      total 38400K, used 665K [0x00000000d5c00000, 0x00000000d8680000, 0x0000000100000000)
  eden space 33280K, 2% used [0x00000000d5c00000,0x00000000d5ca6670,0x00000000d7c80000)
  from space 5120K, 0% used [0x00000000d8180000,0x00000000d8180000,0x00000000d8680000)
  to   space 5120K, 0% used [0x00000000d7c80000,0x00000000d7c80000,0x00000000d8180000)
 ParOldGen       total 87552K, used 0K [0x0000000081400000, 0x0000000086980000, 0x00000000d5c00000)
  object space 87552K, 0% used [0x0000000081400000,0x0000000081400000,0x0000000086980000)
 Metaspace       used 770K, capacity 4480K, committed 4480K, reserved 1056768K
  class space    used 75K, capacity 384K, committed 384K, reserved 1048576K

Card table byte_map: [0x0000000012400000,0x0000000012800000] byte_map_base: 0x0000000011ff6000

Marking Bits: (ParMarkBitMap*) 0x0000000052cf0860
 Begin Bits: [0x0000000012eb0000, 0x0000000014e60000)
 End Bits:   [0x0000000014e60000, 0x0000000016e10000)

Polling page: 0x0000000000ff0000

CodeCache: size=245760Kb used=328Kb max_used=328Kb free=245431Kb
 bounds [0x0000000003040000, 0x00000000032b0000, 0x0000000012040000]
 total_blobs=58 nmethods=0 adapters=38
 compilation: enabled

Compilation events (0 events):
No events

GC Heap History (0 events):
No events

Deoptimization events (0 events):
No events

Classes redefined (0 events):
No events

Internal exceptions (0 events):
No events

Events (10 events):
Event: 0.032 loading class java/lang/Short
Event: 0.032 loading class java/lang/Short done
Event: 0.032 loading class java/lang/Integer
Event: 0.033 loading class java/lang/Integer done
Event: 0.033 loading class java/lang/Long
Event: 0.033 loading class java/lang/Long done
Event: 0.034 loading class java/lang/NullPointerException
Event: 0.034 loading class java/lang/NullPointerException done
Event: 0.034 loading class java/lang/ArithmeticException
Event: 0.034 loading class java/lang/ArithmeticException done


Dynamic libraries:
0x00007ff74ee30000 - 0x00007ff74ee67000 	C:\Program Files\Java\jdk1.8.0_162\bin\java.exe
0x00007ffb880e0000 - 0x00007ffb882cd000 	C:\WINDOWS\SYSTEM32\ntdll.dll
0x00007ffb86cc0000 - 0x00007ffb86d73000 	C:\WINDOWS\System32\KERNEL32.DLL
0x00007ffb84f00000 - 0x00007ffb85193000 	C:\WINDOWS\System32\KERNELBASE.dll
0x00007ffb87a20000 - 0x00007ffb87ac3000 	C:\WINDOWS\System32\ADVAPI32.dll
0x00007ffb87920000 - 0x00007ffb879be000 	C:\WINDOWS\System32\msvcrt.dll
0x00007ffb87540000 - 0x00007ffb875de000 	C:\WINDOWS\System32\sechost.dll
0x00007ffb853e0000 - 0x00007ffb85502000 	C:\WINDOWS\System32\RPCRT4.dll
0x00007ffb86df0000 - 0x00007ffb86f87000 	C:\WINDOWS\System32\USER32.dll
0x00007ffb84300000 - 0x00007ffb84320000 	C:\WINDOWS\System32\win32u.dll
0x00007ffb87010000 - 0x00007ffb87039000 	C:\WINDOWS\System32\GDI32.dll
0x00007ffb84d60000 - 0x00007ffb84efa000 	C:\WINDOWS\System32\gdi32full.dll
0x00007ffb84260000 - 0x00007ffb84300000 	C:\WINDOWS\System32\msvcp_win.dll
0x00007ffb851a0000 - 0x00007ffb8529a000 	C:\WINDOWS\System32\ucrtbase.dll
0x00007ffb67390000 - 0x00007ffb67609000 	C:\WINDOWS\WinSxS\amd64_microsoft.windows.common-controls_6595b64144ccf1df_6.0.17763.475_none_05b43ca607202c6c\COMCTL32.dll
0x00007ffb87d70000 - 0x00007ffb8809c000 	C:\WINDOWS\System32\combase.dll
0x00007ffb841b0000 - 0x00007ffb8422e000 	C:\WINDOWS\System32\bcryptPrimitives.dll
0x00007ffb876e0000 - 0x00007ffb8770e000 	C:\WINDOWS\System32\IMM32.DLL
0x0000000052d70000 - 0x0000000052e41000 	C:\Program Files\Java\jdk1.8.0_162\jre\bin\msvcr100.dll
0x00000000524d0000 - 0x0000000052d70000 	C:\Program Files\Java\jdk1.8.0_162\jre\bin\server\jvm.dll
0x00007ffb86de0000 - 0x00007ffb86de8000 	C:\WINDOWS\System32\PSAPI.DLL
0x00007ffb82cb0000 - 0x00007ffb82cb9000 	C:\WINDOWS\SYSTEM32\WSOCK32.dll
0x00007ffb81c20000 - 0x00007ffb81c44000 	C:\WINDOWS\SYSTEM32\WINMM.dll
0x00007ffb874d0000 - 0x00007ffb8753d000 	C:\WINDOWS\System32\WS2_32.dll
0x00007ffb75810000 - 0x00007ffb7581a000 	C:\WINDOWS\SYSTEM32\VERSION.dll
0x00007ffb81880000 - 0x00007ffb818ad000 	C:\WINDOWS\SYSTEM32\WINMMBASE.dll
0x00007ffb852a0000 - 0x00007ffb852ea000 	C:\WINDOWS\System32\cfgmgr32.dll
0x0000000053a60000 - 0x0000000053a6f000 	C:\Program Files\Java\jdk1.8.0_162\jre\bin\verify.dll
0x0000000053a30000 - 0x0000000053a59000 	C:\Program Files\Java\jdk1.8.0_162\jre\bin\java.dll
0x00000000539e0000 - 0x0000000053a03000 	C:\Program Files\Java\jdk1.8.0_162\jre\bin\instrument.dll
0x0000000053a10000 - 0x0000000053a26000 	C:\Program Files\Java\jdk1.8.0_162\jre\bin\zip.dll

VM Arguments:
jvm_args: -javaagent:C:\Users\andyyeung122\IntelliJ IDEA Community Edition 2018.2.2\lib\idea_rt.jar=50836:C:\Users\andyyeung122\IntelliJ IDEA Community Edition 2018.2.2\bin -Dfile.encoding=UTF-8 
java_command: Main
java_class_path (initial): C:\Program Files\Java\jdk1.8.0_162\jre\lib\charsets.jar;C:\Program Files\Java\jdk1.8.0_162\jre\lib\deploy.jar;C:\Program Files\Java\jdk1.8.0_162\jre\lib\ext\access-bridge-64.jar;C:\Program Files\Java\jdk1.8.0_162\jre\lib\ext\cldrdata.jar;C:\Program Files\Java\jdk1.8.0_162\jre\lib\ext\dnsns.jar;C:\Program Files\Java\jdk1.8.0_162\jre\lib\ext\jaccess.jar;C:\Program Files\Java\jdk1.8.0_162\jre\lib\ext\jfxrt.jar;C:\Program Files\Java\jdk1.8.0_162\jre\lib\ext\localedata.jar;C:\Program Files\Java\jdk1.8.0_162\jre\lib\ext\nashorn.jar;C:\Program Files\Java\jdk1.8.0_162\jre\lib\ext\sunec.jar;C:\Program Files\Java\jdk1.8.0_162\jre\lib\ext\sunjce_provider.jar;C:\Program Files\Java\jdk1.8.0_162\jre\lib\ext\sunmscapi.jar;C:\Program Files\Java\jdk1.8.0_162\jre\lib\ext\sunpkcs11.jar;C:\Program Files\Java\jdk1.8.0_162\jre\lib\ext\zipfs.jar;C:\Program Files\Java\jdk1.8.0_162\jre\lib\javaws.jar;C:\Program Files\Java\jdk1.8.0_162\jre\lib\jce.jar;C:\Program Files\Java\jdk1.8.0_162\jre\lib\jfr.jar;C:\Program Files\Java\jdk1.8.0_162\jre\lib\jfxswt.jar;C:\Program Files\Java\jdk1.8.0_162\jre\lib\jsse.jar;C:\Program Files\Java\jdk1.8.0_162\jre\lib\management-agent.jar;C:\Program Files\Java\jdk1.8.0_162\jre\lib\plugin.jar;C:\Program Files\Java\jdk1.8.0_162\jre\lib\resources.jar;C:\Program Files\Java\jdk1.8.0_162\jre\lib\rt.jar;C:\Users\andyyeung122\IdeaProjects\EbayAmazon2\out\production\EbayAmazon2;C:\Users\andyyeung122\IdeaProjects\EbayAmazon2\src\drivers\mariadb-java-client-2.4.1.jar;C:\Users\andyyeung122\IntelliJ IDEA Community Edition 2018.2.2\lib\idea_rt.jar
Launcher Type: SUN_STANDARD

Environment Variables:
PATH=C:\ProgramData\Oracle\Java\javapath;C:\WINDOWS\system32;C:\WINDOWS;C:\WINDOWS\System32\Wbem;C:\WINDOWS\System32\WindowsPowerShell\v1.0\;C:\Program Files\MATLAB\R2016b\bin;C:\WINDOWS\System32\OpenSSH\;C:\Program Files\Git\cmd;C:\Program Files (x86)\Brackets\command;C:\Program Files\nodejs\;C:\Users\andyyeung122\AppData\Local\Microsoft\WindowsApps;;C:\intelFPGA_lite\16.1\modelsim_ase\win32aloem;C:\Users\andyyeung122\AppData\Local\Programs\Microsoft VS Code\bin;C:\Users\andyyeung122\AppData\Roaming\npm;C:\Users\andyyeung122\AppData\Local\Programs\Azure Data Studio\bin
USERNAME=andyyeung122
OS=Windows_NT
PROCESSOR_IDENTIFIER=Intel64 Family 6 Model 78 Stepping 3, GenuineIntel



---------------  S Y S T E M  ---------------

OS: Windows 10.0 , 64 bit Build 17763 (10.0.17763.475)

CPU:total 4 (initial active 4) (2 cores per cpu, 2 threads per core) family 6 model 78 stepping 3, cmov, cx8, fxsr, mmx, sse, sse2, sse3, ssse3, sse4.1, sse4.2, popcnt, avx, avx2, aes, clmul, erms, 3dnowpref, lzcnt, ht, tsc, tscinvbit, bmi1, bmi2, adx

Memory: 4k page, physical 8299424k(2118440k free), swap 10254240k(5352k free)

vm_info: Java HotSpot(TM) 64-Bit Server VM (25.162-b12) for windows-amd64 JRE (1.8.0_162-b12), built on Dec 19 2017 20:00:03 by "java_re" with MS VC++ 10.0 (VS2010)

time: Mon May 13 22:07:51 2019
elapsed time: 0 seconds (0d 0h 0m 0s)

